<?xml version="1.0" encoding="UTF-8"?>
<testng-results ignored="0" total="2" passed="2" failed="0" skipped="0">
  <reporter-output>
  </reporter-output>
  <suite started-at="2022-09-16T13:17:51 IST" name="Suite" finished-at="2022-09-16T13:17:51 IST" duration-ms="81">
    <groups>
    </groups>
    <test started-at="2022-09-16T13:17:51 IST" name="Test" finished-at="2022-09-16T13:17:51 IST" duration-ms="81">
      <class name="TestPackage.day1">
        <test-method signature="Demo()[pri:0, instance:TestPackage.day1@61386958]" started-at="2022-09-16T13:17:51 IST" name="Demo" finished-at="2022-09-16T13:17:51 IST" duration-ms="16" status="PASS">
          <reporter-output>
          </reporter-output>
        </test-method> <!-- Demo -->
        <test-method signature="SecondtestCase()[pri:0, instance:TestPackage.day1@61386958]" started-at="2022-09-16T13:17:51 IST" name="SecondtestCase" finished-at="2022-09-16T13:17:51 IST" duration-ms="1" status="PASS">
          <reporter-output>
          </reporter-output>
        </test-method> <!-- SecondtestCase -->
      </class> <!-- TestPackage.day1 -->
    </test> <!-- Test -->
  </suite> <!-- Suite -->
</testng-results>
